<?xml version="1.0" encoding="UTF-8"?>
<!-- Generated by org.testng.reporters.JUnitXMLReporter -->
<testsuite ignored="0" hostname="SHACHIN-PC" failures="0" tests="3" name="Parallel Test" time="11.473" errors="0" timestamp="2025-11-22T12:39:42 IST">
  <testcase classname="com.letcode.tests.EditPageTest_TC001" name="verifyEditPage" time="5.986"/>
  <testcase classname="com.letcode.tests.DropDownPageTest_TC003" name="verifyDropdown" time="7.19"/>
  <testcase classname="com.letcode.tests.ClickPageTest_TC002" name="verifyClickPage" time="0.325"/>
</testsuite> <!-- Parallel Test -->
