<?xml version="1.0" encoding="UTF-8"?>
<!-- Generated by org.testng.reporters.JUnitXMLReporter -->
<testsuite ignored="0" hostname="SHACHIN-PC" failures="0" tests="3" name="Test" time="14.102" errors="0" timestamp="2025-12-02T17:06:44 IST">
  <testcase classname="com.letcode.tests.ClickPageTest_TC002" name="verifyClickPage" time="0.374"/>
  <testcase classname="com.letcode.tests.DropDownPageTest_TC003" name="verifyDropdown" time="0.611"/>
  <testcase classname="com.letcode.tests.EditPageTest_TC001" name="verifyEditPage" time="1.068"/>
</testsuite> <!-- Test -->
