<?xml version="1.0" encoding="UTF-8"?>
<testng-results ignored="0" total="3" passed="3" failed="0" skipped="0">
  <reporter-output>
  </reporter-output>
  <suite started-at="2025-12-02T17:06:30 IST" name="Suite" finished-at="2025-12-02T17:06:44 IST" duration-ms="14102">
    <groups>
    </groups>
    <test started-at="2025-12-02T17:06:30 IST" name="Test" finished-at="2025-12-02T17:06:44 IST" duration-ms="14102">
      <class name="com.letcode.tests.ClickPageTest_TC002">
        <test-method is-config="true" signature="setup(java.lang.String)[pri:0, instance:com.letcode.tests.ClickPageTest_TC002@9d5509a]" started-at="2025-12-02T17:06:30 IST" name="setup" finished-at="2025-12-02T17:06:35 IST" duration-ms="4659" status="PASS">
          <params>
            <param index="0">
              <value>
                <![CDATA[chrome]]>
              </value>
            </param>
          </params>
          <reporter-output>
          </reporter-output>
        </test-method> <!-- setup -->
        <test-method signature="verifyClickPage()[pri:0, instance:com.letcode.tests.ClickPageTest_TC002@9d5509a]" started-at="2025-12-02T17:06:35 IST" name="verifyClickPage" finished-at="2025-12-02T17:06:35 IST" duration-ms="374" status="PASS">
          <reporter-output>
          </reporter-output>
        </test-method> <!-- verifyClickPage -->
        <test-method is-config="true" signature="teardown()[pri:0, instance:com.letcode.tests.ClickPageTest_TC002@9d5509a]" started-at="2025-12-02T17:06:35 IST" name="teardown" finished-at="2025-12-02T17:06:35 IST" duration-ms="195" status="PASS">
          <reporter-output>
          </reporter-output>
        </test-method> <!-- teardown -->
      </class> <!-- com.letcode.tests.ClickPageTest_TC002 -->
      <class name="com.letcode.tests.EditPageTest_TC001">
        <test-method is-config="true" signature="setup(java.lang.String)[pri:0, instance:com.letcode.tests.EditPageTest_TC001@70325e14]" started-at="2025-12-02T17:06:40 IST" name="setup" finished-at="2025-12-02T17:06:43 IST" duration-ms="2986" status="PASS">
          <params>
            <param index="0">
              <value>
                <![CDATA[chrome]]>
              </value>
            </param>
          </params>
          <reporter-output>
          </reporter-output>
        </test-method> <!-- setup -->
        <test-method signature="verifyEditPage()[pri:0, instance:com.letcode.tests.EditPageTest_TC001@70325e14]" started-at="2025-12-02T17:06:43 IST" name="verifyEditPage" finished-at="2025-12-02T17:06:44 IST" duration-ms="1068" status="PASS">
          <reporter-output>
          </reporter-output>
        </test-method> <!-- verifyEditPage -->
        <test-method is-config="true" signature="teardown()[pri:0, instance:com.letcode.tests.EditPageTest_TC001@70325e14]" started-at="2025-12-02T17:06:44 IST" name="teardown" finished-at="2025-12-02T17:06:44 IST" duration-ms="287" status="PASS">
          <reporter-output>
          </reporter-output>
        </test-method> <!-- teardown -->
      </class> <!-- com.letcode.tests.EditPageTest_TC001 -->
      <class name="com.letcode.tests.DropDownPageTest_TC003">
        <test-method is-config="true" signature="setup(java.lang.String)[pri:0, instance:com.letcode.tests.DropDownPageTest_TC003@23348b5d]" started-at="2025-12-02T17:06:35 IST" name="setup" finished-at="2025-12-02T17:06:39 IST" duration-ms="3681" status="PASS">
          <params>
            <param index="0">
              <value>
                <![CDATA[chrome]]>
              </value>
            </param>
          </params>
          <reporter-output>
          </reporter-output>
        </test-method> <!-- setup -->
        <test-method signature="verifyDropdown()[pri:0, instance:com.letcode.tests.DropDownPageTest_TC003@23348b5d]" started-at="2025-12-02T17:06:39 IST" name="verifyDropdown" finished-at="2025-12-02T17:06:40 IST" duration-ms="611" status="PASS">
          <reporter-output>
          </reporter-output>
        </test-method> <!-- verifyDropdown -->
        <test-method is-config="true" signature="teardown()[pri:0, instance:com.letcode.tests.DropDownPageTest_TC003@23348b5d]" started-at="2025-12-02T17:06:40 IST" name="teardown" finished-at="2025-12-02T17:06:40 IST" duration-ms="140" status="PASS">
          <reporter-output>
          </reporter-output>
        </test-method> <!-- teardown -->
      </class> <!-- com.letcode.tests.DropDownPageTest_TC003 -->
    </test> <!-- Test -->
  </suite> <!-- Suite -->
</testng-results>
